<?xml version="1.0" encoding="UTF-8"?>
<!-- Generated by org.testng.reporters.JUnitReportReporter -->
<testsuite skipped="0" hostname="LAPTOP-7TLA7S8J" name="com.crm.qa.testcases.HomePageTest" tests="5" failures="0" timestamp="31 May 2018 16:02:12 GMT" time="120.605" errors="0">
  <testcase name="homePageTitleTest" time="19.681" classname="com.crm.qa.testcases.HomePageTest"/>
  <testcase name="verifyUsernameLabel" time="24.167" classname="com.crm.qa.testcases.HomePageTest"/>
  <testcase name="verifycontactsLinkTest" time="23.081" classname="com.crm.qa.testcases.HomePageTest"/>
  <testcase name="verifydealsLinkTest" time="31.555" classname="com.crm.qa.testcases.HomePageTest"/>
  <testcase name="verifytasksLinkTest" time="22.121" classname="com.crm.qa.testcases.HomePageTest"/>
</testsuite> <!-- com.crm.qa.testcases.HomePageTest -->
