<?xml version="1.0" encoding="UTF-8"?>
<!-- Generated by org.testng.reporters.JUnitReportReporter -->
<testsuite skipped="0" hostname="LAPTOP-7TLA7S8J" name="com.crm.qa.testcases.LoginPageTest" tests="3" failures="0" timestamp="31 May 2018 16:02:12 GMT" time="45.745" errors="0">
  <testcase name="loginPageTitleTest" time="11.248" classname="com.crm.qa.testcases.LoginPageTest"/>
  <testcase name="crmLogoImageTest" time="12.005" classname="com.crm.qa.testcases.LoginPageTest"/>
  <testcase name="loginTest" time="22.492" classname="com.crm.qa.testcases.LoginPageTest"/>
</testsuite> <!-- com.crm.qa.testcases.LoginPageTest -->
